<?xml version="1.0" encoding="UTF-8"?>
<testng-results skipped="0" failed="0" ignored="0" total="1" passed="1">
  <reporter-output>
  </reporter-output>
  <suite name="Default suite" duration-ms="3562" started-at="2022-04-20T17:40:43 IST" finished-at="2022-04-20T17:40:47 IST">
    <groups>
    </groups>
    <test name="Default test" duration-ms="3562" started-at="2022-04-20T17:40:43 IST" finished-at="2022-04-20T17:40:47 IST">
      <class name="DiffrentWayToPost.CreateProjectUsingJsonFile">
        <test-method status="PASS" signature="createproject()[pri:0, instance:DiffrentWayToPost.CreateProjectUsingJsonFile@9660f4e]" name="createproject" duration-ms="3530" started-at="2022-04-20T17:40:43 IST" finished-at="2022-04-20T17:40:47 IST">
          <reporter-output>
          </reporter-output>
        </test-method> <!-- createproject -->
      </class> <!-- DiffrentWayToPost.CreateProjectUsingJsonFile -->
    </test> <!-- Default test -->
  </suite> <!-- Default suite -->
</testng-results>
